{"/var/www/html/study/nlw-esports-ignite/web/src/components/AdsModal/index.tsx": {"path":"/var/www/html/study/nlw-esports-ignite/web/src/components/AdsModal/index.tsx","statementMap":{"0":{"start":{"line":7,"column":13},"end":{"line":7,"column":21}},"1":{"start":{"line":1,"column":31},"end":{"line":1,"column":null}},"2":{"start":{"line":3,"column":24},"end":{"line":3,"column":null}},"3":{"start":{"line":4,"column":31},"end":{"line":4,"column":null}},"4":{"start":{"line":5,"column":22},"end":{"line":5,"column":null}},"5":{"start":{"line":7,"column":24},"end":{"line":123,"column":16}},"6":{"start":{"line":8,"column":2},"end":{"line":123,"column":16}}},"fnMap":{"0":{"name":"(anonymous_0)","decl":{"start":{"line":7,"column":13},"end":{"line":7,"column":21}},"loc":{"start":{"line":7,"column":13},"end":{"line":7,"column":21}}},"1":{"name":"(anonymous_4)","decl":{"start":{"line":7,"column":24},"end":{"line":7,"column":null}},"loc":{"start":{"line":8,"column":2},"end":{"line":123,"column":16}}}},"branchMap":{},"s":{"0":1,"1":1,"2":1,"3":1,"4":1,"5":1,"6":1},"f":{"0":1,"1":1},"b":{}}
,"/var/www/html/study/nlw-esports-ignite/web/src/components/CreateAdBanner/index.tsx": {"path":"/var/www/html/study/nlw-esports-ignite/web/src/components/CreateAdBanner/index.tsx","statementMap":{"0":{"start":{"line":4,"column":13},"end":{"line":4,"column":27}},"1":{"start":{"line":1,"column":36},"end":{"line":1,"column":null}},"2":{"start":{"line":2,"column":24},"end":{"line":2,"column":null}},"3":{"start":{"line":4,"column":30},"end":{"line":20,"column":8}},"4":{"start":{"line":5,"column":2},"end":{"line":20,"column":8}}},"fnMap":{"0":{"name":"(anonymous_0)","decl":{"start":{"line":4,"column":13},"end":{"line":4,"column":27}},"loc":{"start":{"line":4,"column":13},"end":{"line":4,"column":27}}},"1":{"name":"(anonymous_4)","decl":{"start":{"line":4,"column":30},"end":{"line":4,"column":null}},"loc":{"start":{"line":5,"column":2},"end":{"line":20,"column":8}}}},"branchMap":{},"s":{"0":4,"1":2,"2":2,"3":2,"4":4},"f":{"0":4,"1":4},"b":{}}
,"/var/www/html/study/nlw-esports-ignite/web/src/components/Form/Input/index.tsx": {"path":"/var/www/html/study/nlw-esports-ignite/web/src/components/Form/Input/index.tsx","statementMap":{"0":{"start":{"line":5,"column":13},"end":{"line":5,"column":18}},"1":{"start":{"line":5,"column":21},"end":{"line":10,"column":4}},"2":{"start":{"line":6,"column":2},"end":{"line":10,"column":4}}},"fnMap":{"0":{"name":"(anonymous_0)","decl":{"start":{"line":5,"column":13},"end":{"line":5,"column":18}},"loc":{"start":{"line":5,"column":13},"end":{"line":5,"column":18}}},"1":{"name":"(anonymous_1)","decl":{"start":{"line":5,"column":21},"end":{"line":5,"column":22}},"loc":{"start":{"line":6,"column":2},"end":{"line":10,"column":4}}}},"branchMap":{},"s":{"0":8,"1":2,"2":1},"f":{"0":8,"1":1},"b":{}}
,"/var/www/html/study/nlw-esports-ignite/web/src/components/GameBanner/index.tsx": {"path":"/var/www/html/study/nlw-esports-ignite/web/src/components/GameBanner/index.tsx","statementMap":{"0":{"start":{"line":13,"column":13},"end":{"line":13,"column":23}},"1":{"start":{"line":13,"column":26},"end":{"line":21,"column":6}},"2":{"start":{"line":14,"column":2},"end":{"line":21,"column":6}}},"fnMap":{"0":{"name":"(anonymous_0)","decl":{"start":{"line":13,"column":13},"end":{"line":13,"column":23}},"loc":{"start":{"line":13,"column":13},"end":{"line":13,"column":23}}},"1":{"name":"(anonymous_1)","decl":{"start":{"line":13,"column":26},"end":{"line":13,"column":27}},"loc":{"start":{"line":14,"column":2},"end":{"line":21,"column":6}}}},"branchMap":{},"s":{"0":3,"1":2,"2":3},"f":{"0":3,"1":3},"b":{}}
,"/var/www/html/study/nlw-esports-ignite/web/src/components/GameList/index.tsx": {"path":"/var/www/html/study/nlw-esports-ignite/web/src/components/GameList/index.tsx","statementMap":{"0":{"start":{"line":16,"column":13},"end":{"line":16,"column":21}},"1":{"start":{"line":1,"column":27},"end":{"line":1,"column":null}},"2":{"start":{"line":16,"column":24},"end":{"line":26,"column":8}},"3":{"start":{"line":17,"column":2},"end":{"line":26,"column":8}},"4":{"start":{"line":19,"column":6},"end":{"line":20,"column":null}}},"fnMap":{"0":{"name":"(anonymous_0)","decl":{"start":{"line":16,"column":13},"end":{"line":16,"column":21}},"loc":{"start":{"line":16,"column":13},"end":{"line":16,"column":21}}},"1":{"name":"(anonymous_1)","decl":{"start":{"line":16,"column":24},"end":{"line":16,"column":25}},"loc":{"start":{"line":17,"column":2},"end":{"line":26,"column":8}}},"2":{"name":"(anonymous_2)","decl":{"start":{"line":18,"column":15},"end":{"line":18,"column":16}},"loc":{"start":{"line":19,"column":6},"end":{"line":20,"column":null}}}},"branchMap":{},"s":{"0":1,"1":1,"2":1,"3":1,"4":2},"f":{"0":1,"1":1,"2":2},"b":{}}
,"/var/www/html/study/nlw-esports-ignite/web/src/components/GameList/mock.ts": {"path":"/var/www/html/study/nlw-esports-ignite/web/src/components/GameList/mock.ts","statementMap":{"0":{"start":{"line":1,"column":0},"end":{"line":1,"column":15}},"1":{"start":{"line":1,"column":15},"end":{"line":18,"column":2}}},"fnMap":{"0":{"name":"(anonymous_0)","decl":{"start":{"line":1,"column":0},"end":{"line":1,"column":15}},"loc":{"start":{"line":1,"column":0},"end":{"line":1,"column":15}}}},"branchMap":{},"s":{"0":1,"1":1},"f":{"0":1},"b":{}}
}
